Already up to date.
Already up to date.
From github.com:SWP1111/Beps
   5f9932d..b06cc38  main       -> origin/main
Updating 5f9932d..b06cc38
Fast-forward
 webhook_listener/README.md              | 96 +++++++++++++++++++++++++++++++++
 webhook_listener/app.py                 | 86 +++++++++++++++++++++++++++++
 webhook_listener/config.py              | 15 ++++++
 webhook_listener/github-webhook.service | 13 +++++
 4 files changed, 210 insertions(+)
 create mode 100644 webhook_listener/README.md
 create mode 100644 webhook_listener/app.py
 create mode 100644 webhook_listener/config.py
 create mode 100644 webhook_listener/github-webhook.service
Already up to date.
From github.com:SWP1111/Beps
   1cc0233..81e77be  main       -> origin/main
Updating 1cc0233..81e77be
Fast-forward
 webhook_listener/github-webhook.service | 3 ++-
 1 file changed, 2 insertions(+), 1 deletion(-)
Already up to date.
Already up to date.
Already up to date.
Already up to date.
Already up to date.
Already up to date.
Already up to date.
Already up to date.
Already up to date.
Already up to date.
Already up to date.
Already up to date.
Already up to date.
Already up to date.
Already up to date.
Already up to date.
Already up to date.
Already up to date.
Already up to date.
Already up to date.
Already up to date.
Already up to date.
Already up to date.
Already up to date.
Already up to date.
Already up to date.
Already up to date.
Already up to date.
Already up to date.
Already up to date.
Already up to date.
Already up to date.
Already up to date.
Already up to date.
Already up to date.
Already up to date.
Already up to date.
Already up to date.
Already up to date.
Already up to date.
Already up to date.
Already up to date.
Already up to date.
Already up to date.
From github.com:SWP1111/Beps
   81e77be..4f84b5d  main       -> origin/main
There is no tracking information for the current branch.
Please specify which branch you want to merge with.
See git-pull(1) for details.

    git pull <remote> <branch>

If you wish to set tracking information for this branch you can do so with:

    git branch --set-upstream-to=origin/<branch> vm-changes

There is no tracking information for the current branch.
Please specify which branch you want to merge with.
See git-pull(1) for details.

    git pull <remote> <branch>

If you wish to set tracking information for this branch you can do so with:

    git branch --set-upstream-to=origin/<branch> vm-changes

