2025-04-03 12:36:55: ▶ 스크립트 시작
2025-04-03 12:39:36: ▶ 스크립트 시작
2025-04-03 12:42:01: ▶ 스크립트 시작
2025-04-03 12:42:34: ▶ 스크립트 시작
2025-04-03 13:34:34: ▶ 스크립트 시작
 aggregate_daily_stats 
-----------------------
 
(1 row)

2025-04-03 13:34:35: ✅ 일일 집계 성공
2025-04-04 01:00:01: ▶ 스크립트 시작
 aggregate_daily_stats 
-----------------------
 
(1 row)

2025-04-04 01:00:02: ✅ 일일 집계 성공
2025-04-05 01:00:01: ▶ 스크립트 시작
 aggregate_daily_stats 
-----------------------
 
(1 row)

2025-04-05 01:00:01: ✅ 일일 집계 성공
2025-04-06 01:00:01: ▶ 스크립트 시작
 aggregate_daily_stats 
-----------------------
 
(1 row)

2025-04-06 01:00:01: ✅ 일일 집계 성공
2025-04-07 01:00:01: ▶ 스크립트 시작
 aggregate_daily_stats 
-----------------------
 
(1 row)

2025-04-07 01:00:01: ✅ 일일 집계 성공
2025-04-07 13:23:41: ▶ 스크립트 시작
 aggregate_daily_stats 
-----------------------
 
(1 row)

2025-04-07 13:23:41: ✅ 접속 현황 일일 집계 성공
 aggregate_learning_summary_daily 
----------------------------------
 
(1 row)

2025-04-07 13:23:41: ✅ 학습 현황 일일 집계 성공
2025-04-07 13:25:24: ▶ 스크립트 시작
 aggregate_daily_stats 
-----------------------
 
(1 row)

2025-04-07 13:25:24: ✅ 접속 현황 일일 집계 성공
 aggregate_learning_summary_daily 
----------------------------------
 
(1 row)

2025-04-07 13:25:24: ✅ 학습 현황 일일 집계 성공
2025-04-07 13:26:04: ▶ 스크립트 시작
 aggregate_daily_stats 
-----------------------
 
(1 row)

2025-04-07 13:26:04: ✅ 접속 현황 일일 집계 성공
 aggregate_learning_summary_daily 
----------------------------------
 
(1 row)

2025-04-07 13:26:04: ✅ 학습 현황 일일 집계 성공
2025-04-07 13:26:44: ▶ 스크립트 시작
 aggregate_daily_stats 
-----------------------
 
(1 row)

2025-04-07 13:26:44: ✅ 접속 현황 일일 집계 성공
 aggregate_learning_summary_daily 
----------------------------------
 
(1 row)

2025-04-07 13:26:44: ✅ 학습 현황 일일 집계 성공
2025-04-07 13:29:22: ▶ 스크립트 시작
 aggregate_daily_stats 
-----------------------
 
(1 row)

2025-04-07 13:29:22: ✅ 접속 현황 일일 집계 성공
 aggregate_learning_summary_daily 
----------------------------------
 
(1 row)

2025-04-07 13:29:22: ✅ 학습 현황 일일 집계 성공
2025-04-08 01:00:01: ▶ 스크립트 시작
 aggregate_daily_stats 
-----------------------
 
(1 row)

2025-04-08 01:00:01: ✅ 접속 현황 일일 집계 성공
 aggregate_learning_summary_daily 
----------------------------------
 
(1 row)

2025-04-08 01:00:01: ✅ 학습 현황 일일 집계 성공
2025-04-09 01:00:01: ▶ 스크립트 시작
 aggregate_daily_stats 
-----------------------
 
(1 row)

2025-04-09 01:00:01: ✅ 접속 현황 일일 집계 성공
 aggregate_learning_summary_daily 
----------------------------------
 
(1 row)

2025-04-09 01:00:01: ✅ 학습 현황 일일 집계 성공
